mula-main/build/intermediates/proguard-rules/release/aapt_rules.txt
# Referenced at merged_manifests\release\AndroidManifest.xml:18
-keep class androidx.core.app.CoreComponentFactory { <init>(); }
# Referenced at merged_manifests\release\AndroidManifest.xml:241
-keep class androidx.core.content.FileProvider { <init>(); }
# Referenced at merged_manifests\release\AndroidManifest.xml:259
-keep class androidx.lifecycle.ProcessLifecycleOwnerInitializer { <init>(); }
# Referenced at merged_manifests\release\AndroidManifest.xml:255
-keep class androidx.room.MultiInstanceInvalidationService { <init>(); }
# Referenced at merged_manifests\release\AndroidManifest.xml:18
-keep class org.mula.finance.HabitsApplication { <init>(); }
# Referenced at merged_manifests\release\AndroidManifest.xml:18
-keep class org.mula.finance.HabitsBackupAgent { <init>(); }
# Referenced at merged_manifests\release\AndroidManifest.xml:33
-keep class org.mula.finance.activities.AddExpenseActivity { <init>(); }
# Referenced at merged_manifests\release\AndroidManifest.xml:30
-keep class org.mula.finance.activities.ExpenseTrackerActivity { <init>(); }
# Referenced at merged_manifests\release\AndroidManifest.xml:87
-keep class org.mula.finance.activities.InvestmentCalculatorActivity { <init>(); }
# Referenced at merged_manifests\release\AndroidManifest.xml:42
-keep class org.mula.finance.activities.MainActivity { <init>(); }
# Referenced at merged_manifests\release\AndroidManifest.xml:93
-keep class org.mula.finance.activities.QuizActivity { <init>(); }
# Referenced at merged_manifests\release\AndroidManifest.xml:90
-keep class org.mula.finance.activities.TaxCalculatorActivity { <init>(); }
# Referenced at merged_manifests\release\AndroidManifest.xml:39
-keep class org.mula.finance.activities.article.ArticleActivity { <init>(); }
# Referenced at merged_manifests\release\AndroidManifest.xml:36
-keep class org.mula.finance.activities.article.ArticleDetailActivity { <init>(); }
# Referenced at merged_manifests\release\AndroidManifest.xml:27
-keep class org.mula.finance.activities.category.ArticleSelectionActivity { <init>(); }
# Referenced at merged_manifests\release\AndroidManifest.xml:81
-keep class org.mula.finance.activities.habits.list.ListHabitsActivity { <init>(); }
# Referenced at merged_manifests\release\AndroidManifest.xml:96
-keep class org.mula.finance.activities.habits.show.ShowHabitActivity { <init>(); }
# Referenced at merged_manifests\release\AndroidManifest.xml:112
-keep class org.mula.finance.activities.intro.IntroActivity { <init>(); }
# Referenced at merged_manifests\release\AndroidManifest.xml:104
-keep class org.mula.finance.activities.settings.SettingsActivity { <init>(); }
# Referenced at merged_manifests\release\AndroidManifest.xml:224
-keep class org.mula.finance.automation.EditSettingActivity { <init>(); }
# Referenced at merged_manifests\release\AndroidManifest.xml:233
-keep class org.mula.finance.automation.FireSettingReceiver { <init>(); }
# Referenced at merged_manifests\release\AndroidManifest.xml:123
-keep class org.mula.finance.notifications.SnoozeDelayPickerActivity { <init>(); }
# Referenced at merged_manifests\release\AndroidManifest.xml:190
-keep class org.mula.finance.receivers.ReminderReceiver { <init>(); }
# Referenced at merged_manifests\release\AndroidManifest.xml:195
-keep class org.mula.finance.receivers.WidgetReceiver { <init>(); }
# Referenced at merged_manifests\release\AndroidManifest.xml:251
-keep class org.mula.finance.sync.SyncService { <init>(); }
# Referenced at merged_manifests\release\AndroidManifest.xml:129
-keep class org.mula.finance.widgets.CheckmarkWidgetProvider { <init>(); }
# Referenced at merged_manifests\release\AndroidManifest.xml:179
-keep class org.mula.finance.widgets.FrequencyWidgetProvider { <init>(); }
# Referenced at merged_manifests\release\AndroidManifest.xml:116
-keep class org.mula.finance.widgets.HabitPickerDialog { <init>(); }
# Referenced at merged_manifests\release\AndroidManifest.xml:146
-keep class org.mula.finance.widgets.HistoryWidgetProvider { <init>(); }
# Referenced at merged_manifests\release\AndroidManifest.xml:157
-keep class org.mula.finance.widgets.ScoreWidgetProvider { <init>(); }
# Referenced at merged_manifests\release\AndroidManifest.xml:141
-keep class org.mula.finance.widgets.StackWidgetService { <init>(); }
# Referenced at merged_manifests\release\AndroidManifest.xml:168
-keep class org.mula.finance.widgets.StreakWidgetProvider { <init>(); }
# Referenced at res\layout-watch-v20\abc_alert_dialog_title_material.xml:53
# Referenced at res\layout\mtrl_alert_dialog_title.xml:41
# Referenced at res\layout\mtrl_alert_dialog_actions.xml:45
# Referenced at res\layout\mtrl_alert_dialog.xml:51
# Referenced at res\layout\abc_alert_dialog_title_material.xml:57
# Referenced at res\layout\abc_alert_dialog_material.xml:52
# Referenced at res\layout\abc_alert_dialog_button_bar_material.xml:43
-keep class android.widget.Space { <init>(...); }

# Referenced at res\layout\abc_select_dialog_material.xml:23
-keep class androidx.appcompat.app.AlertController$RecycleListView { <init>(...); }

# Referenced at res\layout\abc_action_menu_item_layout.xml:17
-keep class androidx.appcompat.view.menu.ActionMenuItemView { <init>(...); }

# Referenced at res\layout\abc_expanded_menu_layout.xml:17
-keep class androidx.appcompat.view.menu.ExpandedMenuView { <init>(...); }

# Referenced at res\layout\abc_popup_menu_item_layout.xml:17
# Referenced at res\layout\abc_list_menu_item_layout.xml:17
# Referenced at res\layout\abc_cascading_menu_item_layout.xml:20
-keep class androidx.appcompat.view.menu.ListMenuItemView { <init>(...); }

# Referenced at res\layout\abc_screen_toolbar.xml:27
-keep class androidx.appcompat.widget.ActionBarContainer { <init>(...); }

# Referenced at res\layout\abc_screen_toolbar.xml:43
# Referenced at res\layout\abc_action_mode_bar.xml:19
-keep class androidx.appcompat.widget.ActionBarContextView { <init>(...); }

# Referenced at res\layout\abc_screen_toolbar.xml:17
-keep class androidx.appcompat.widget.ActionBarOverlayLayout { <init>(...); }

# Referenced at res\layout\abc_action_menu_layout.xml:17
-keep class androidx.appcompat.widget.ActionMenuView { <init>(...); }

# Referenced at res\layout\abc_activity_chooser_view.xml:19
-keep class androidx.appcompat.widget.ActivityChooserView$InnerLayout { <init>(...); }

# Referenced at res\layout\mtrl_alert_dialog.xml:17
# Referenced at res\layout\abc_alert_dialog_material.xml:18
-keep class androidx.appcompat.widget.AlertDialogLayout { <init>(...); }

# Referenced at res\layout\show_habit_score.xml:11
# Referenced at res\layout\show_habit_bar.xml:11
# Referenced at res\layout\edit_habit_frequency.xml:17
# Referenced at res\layout\automation.xml:30
-keep class androidx.appcompat.widget.AppCompatSpinner { <init>(...); }

# Referenced at res\layout\mtrl_alert_dialog_actions.xml:26
# Referenced at res\layout\abc_alert_dialog_button_bar_material.xml:26
-keep class androidx.appcompat.widget.ButtonBarLayout { <init>(...); }

# Referenced at res\layout\abc_screen_content_include.xml:19
-keep class androidx.appcompat.widget.ContentFrameLayout { <init>(...); }

# Referenced at res\layout\mtrl_alert_dialog_title.xml:36
# Referenced at res\layout\abc_alert_dialog_title_material.xml:45
-keep class androidx.appcompat.widget.DialogTitle { <init>(...); }

# Referenced at res\layout\abc_screen_simple_overlay_action_mode.xml:23
-keep class androidx.appcompat.widget.FitWindowsFrameLayout { <init>(...); }

# Referenced at res\layout\abc_screen_simple.xml:17
# Referenced at res\layout\abc_dialog_title_material.xml:22
-keep class androidx.appcompat.widget.FitWindowsLinearLayout { <init>(...); }

# Referenced at res\layout\abc_search_view.xml:75
-keep class androidx.appcompat.widget.SearchView$SearchAutoComplete { <init>(...); }

# Referenced at res\layout\preference_widget_switch_compat.xml:20
-keep class androidx.appcompat.widget.SwitchCompat { <init>(...); }

# Referenced at res\layout-v26\abc_screen_toolbar.xml:37
# Referenced at res\layout\toolbar.xml:21
# Referenced at res\layout\show_habit.xml:13
# Referenced at res\layout\settings_activity.xml:14
# Referenced at res\layout\automation.xml:13
# Referenced at res\layout\abc_screen_toolbar.xml:36
-keep class androidx.appcompat.widget.Toolbar { <init>(...); }

# Referenced at res\layout\abc_screen_simple_overlay_action_mode.xml:32
# Referenced at res\layout\abc_screen_simple.xml:25
-keep class androidx.appcompat.widget.ViewStubCompat { <init>(...); }

# Referenced at res\layout\item_article.xml:9
-keep class androidx.cardview.widget.CardView { <init>(...); }

# Referenced at res\layout\fragment_video.xml:2
# Referenced at res\layout\fragment_pie_chart.xml:2
# Referenced at res\layout\fragment_line_chart.xml:2
# Referenced at res\layout\fragment_investment_calculator.xml:11
# Referenced at res\layout\fragment_information.xml:13
# Referenced at res\layout\fragment_home.xml:2
# Referenced at res\layout\fragment_daily_quiz.xml:2
# Referenced at res\layout\fragment_calculator.xml:2
# Referenced at res\layout\fragment_article.xml:2
# Referenced at res\layout\edit_habit_name.xml:5
# Referenced at res\layout\chunk_category.xml:2
# Referenced at res\layout\chunk_calculator.xml:2
# Referenced at res\layout\article_list_row.xml:2
# Referenced at res\layout\activity_taxcalc.xml:2
# Referenced at res\layout\activity_quiz.xml:2
# Referenced at res\layout\activity_main.xml:2
# Referenced at res\layout\activity_investment_calculator.xml:11
# Referenced at res\layout\activity_expense_tracker.xml:8
# Referenced at res\layout\activity_article.xml:2
# Referenced at res\layout\activity_add_expense.xml:2
-keep class androidx.constraintlayout.widget.ConstraintLayout { <init>(...); }

# Referenced at res\layout\fragment_article.xml:65
-keep class androidx.constraintlayout.widget.Guideline { <init>(...); }

# Referenced at res\layout\design_bottom_sheet_dialog.xml:26
-keep class androidx.coordinatorlayout.widget.CoordinatorLayout { <init>(...); }

# Referenced at res\layout\mtrl_alert_dialog.xml:40
# Referenced at res\layout\abc_alert_dialog_material.xml:41
-keep class androidx.core.widget.NestedScrollView { <init>(...); }

# Referenced at res\layout\fragment_investment_calculator.xml:294
# Referenced at res\layout\activity_investment_calculator.xml:374
# Referenced at res\layout\activity_expense_tracker.xml:51
-keep class androidx.fragment.app.FragmentContainerView { <init>(...); }

# Referenced at res\layout-v21\preference_widget_seekbar_material.xml:83
# Referenced at res\layout\preference_widget_seekbar.xml:66
-keep class androidx.preference.UnPressableLinearLayout { <init>(...); }

# Referenced at res\layout-v21\preference_widget_seekbar_material.xml:42
# Referenced at res\layout-v21\preference_material.xml:40
# Referenced at res\layout\preference_dropdown.xml:38
# Referenced at res\layout-v21\preference_category_material.xml:33
# Referenced at res\layout\preference.xml:32
# Referenced at res\layout\expand_button.xml:42
-keep class androidx.preference.internal.PreferenceImageView { <init>(...); }

# Referenced at res\layout\preference_recyclerview.xml:18
# Referenced at res\layout\mtrl_calendar_months.xml:18
# Referenced at res\layout\mtrl_calendar_horizontal.xml:29
# Referenced at res\layout\fragment_information.xml:70
# Referenced at res\layout\fragment_calculator.xml:30
# Referenced at res\layout\activity_article.xml:78
-keep class androidx.recyclerview.widget.RecyclerView { <init>(...); }

# Referenced at res\layout\fragment_article_selection_viewpager.xml:10
-keep class androidx.viewpager.widget.ViewPager { <init>(...); }

# Referenced at release\layout\color_picker_dialog.xml:37
-keep class com.android.colorpicker.ColorPickerPalette { <init>(...); }

# Referenced at release\layout\date_picker_selected_date.xml:27
-keep class com.android.datetimepicker.AccessibleLinearLayout { <init>(...); }

# Referenced at release\layout\time_header_label.xml:50
# Referenced at release\layout\date_picker_selected_date.xml:60
-keep class com.android.datetimepicker.AccessibleTextView { <init>(...); }

# Referenced at release\layout\date_picker_view_animator.xml:16
-keep class com.android.datetimepicker.date.AccessibleDateAnimator { <init>(...); }

# Referenced at release\layout\year_label_text_view.xml:16
-keep class com.android.datetimepicker.date.TextViewWithCircularIndicator { <init>(...); }

# Referenced at release\layout\time_picker_dialog.xml:37
-keep class com.android.datetimepicker.time.RadialPickerLayout { <init>(...); }

# Referenced at res\layout\fragment_calculator.xml:12
-keep class com.github.mikephil.charting.charts.CandleStickChart { <init>(...); }

# Referenced at res\layout\fragment_line_chart.xml:31
-keep class com.github.mikephil.charting.charts.LineChart { <init>(...); }

# Referenced at res\layout-v21\intro_layout2.xml:10
# Referenced at res\layout-v21\intro_layout.xml:7
-keep class com.github.paolorotolo.appintro.AppIntroViewPager { <init>(...); }

# Referenced at res\layout\test_toolbar_surface.xml:16
# Referenced at res\layout\test_toolbar_elevation.xml:16
# Referenced at res\layout\test_toolbar_custom_background.xml:16
# Referenced at res\layout\test_toolbar.xml:16
-keep class com.google.android.material.appbar.MaterialToolbar { <init>(...); }

# Referenced at res\layout\bottom_nav.xml:21
# Referenced at res\layout\activity_main.xml:29
-keep class com.google.android.material.bottomnavigation.BottomNavigationView { <init>(...); }

# Referenced at res\layout\mtrl_picker_header_fullscreen.xml:36
# Referenced at res\layout\mtrl_calendar_month_navigation.xml:32
-keep class com.google.android.material.button.MaterialButton { <init>(...); }

# Referenced at res\layout\test_reflow_chipgroup.xml:25
# Referenced at res\layout\test_action_chip.xml:17
-keep class com.google.android.material.chip.Chip { <init>(...); }

# Referenced at res\layout\test_reflow_chipgroup.xml:19
-keep class com.google.android.material.chip.ChipGroup { <init>(...); }

# Referenced at res\layout\mtrl_calendar_month.xml:18
-keep class com.google.android.material.datepicker.MaterialCalendarGridView { <init>(...); }

# Referenced at res\layout\design_bottom_navigation_item.xml:27
-keep class com.google.android.material.internal.BaselineLayout { <init>(...); }

# Referenced at res\layout\mtrl_picker_header_toggle.xml:18
# Referenced at res\layout\design_text_input_start_icon.xml:18
# Referenced at res\layout\design_text_input_end_icon.xml:18
-keep class com.google.android.material.internal.CheckableImageButton { <init>(...); }

# Referenced at res\layout\design_navigation_item.xml:17
-keep class com.google.android.material.internal.NavigationMenuItemView { <init>(...); }

# Referenced at res\layout\design_navigation_menu.xml:17
-keep class com.google.android.material.internal.NavigationMenuView { <init>(...); }

# Referenced at res\layout\mtrl_layout_snackbar.xml:18
# Referenced at res\layout\design_layout_snackbar.xml:18
-keep class com.google.android.material.snackbar.Snackbar$SnackbarLayout { <init>(...); }

# Referenced at res\layout\mtrl_layout_snackbar_include.xml:18
# Referenced at res\layout\design_layout_snackbar_include.xml:18
-keep class com.google.android.material.snackbar.SnackbarContentLayout { <init>(...); }

# Referenced at res\layout\mtrl_picker_text_input_date_range.xml:32
# Referenced at res\layout\mtrl_picker_text_input_date.xml:31
-keep class com.google.android.material.textfield.TextInputEditText { <init>(...); }

# Referenced at res\layout\mtrl_picker_text_input_date_range.xml:26
# Referenced at res\layout\mtrl_picker_text_input_date.xml:26
# Referenced at res\layout\edit_habit_target.xml:17
# Referenced at res\layout\edit_habit_name.xml:12
-keep class com.google.android.material.textfield.TextInputLayout { <init>(...); }

# Referenced at res\layout\text_view_without_line_height.xml:17
# Referenced at res\layout\text_view_with_theme_line_height.xml:17
# Referenced at res\layout\text_view_with_line_height_from_style.xml:17
# Referenced at res\layout\text_view_with_line_height_from_layout.xml:17
# Referenced at res\layout\text_view_with_line_height_from_appearance.xml:17
-keep class com.google.android.material.textview.MaterialTextView { <init>(...); }

# Referenced at res\layout\fragment_pie_chart.xml:22
-keep class com.razerdp.widget.animatedpieview.AnimatedPieView { <init>(...); }

# Referenced at res\layout\edit_habit_frequency.xml:26
-keep class org.apmem.tools.layouts.FlowLayout { <init>(...); }

# Referenced at res\layout\show_habit_bar.xml:40
-keep class org.mula.finance.activities.common.views.BarChart { <init>(...); }

# Referenced at res\layout\show_habit_frequency.xml:12
-keep class org.mula.finance.activities.common.views.FrequencyChart { <init>(...); }

# Referenced at res\layout\show_habit_history.xml:17
-keep class org.mula.finance.activities.common.views.HistoryChart { <init>(...); }

# Referenced at res\layout\widget_checkmark.xml:15
# Referenced at res\layout\show_habit_overview.xml:26
-keep class org.mula.finance.activities.common.views.RingView { <init>(...); }

# Referenced at res\layout\show_habit_score.xml:30
-keep class org.mula.finance.activities.common.views.ScoreChart { <init>(...); }

# Referenced at res\layout\show_habit_streak.xml:12
-keep class org.mula.finance.activities.common.views.StreakChart { <init>(...); }

# Referenced at res\layout\edit_habit_target.xml:38
# Referenced at res\layout\edit_habit_name.xml:56
-keep class org.mula.finance.activities.habits.edit.views.ExampleEditText { <init>(...); }

# Referenced at res\layout\edit_habit.xml:25
-keep class org.mula.finance.activities.habits.edit.views.FrequencyPanel { <init>(...); }

# Referenced at res\layout\edit_habit.xml:20
-keep class org.mula.finance.activities.habits.edit.views.NameDescriptionPanel { <init>(...); }

# Referenced at res\layout\edit_habit.xml:35
-keep class org.mula.finance.activities.habits.edit.views.ReminderPanel { <init>(...); }

# Referenced at res\layout\edit_habit.xml:30
-keep class org.mula.finance.activities.habits.edit.views.TargetPanel { <init>(...); }

# Referenced at res\layout\show_habit_inner.xml:45
-keep class org.mula.finance.activities.habits.show.views.BarCard { <init>(...); }

# Referenced at res\layout\show_habit_inner.xml:60
-keep class org.mula.finance.activities.habits.show.views.FrequencyCard { <init>(...); }

# Referenced at res\layout\show_habit_inner.xml:50
-keep class org.mula.finance.activities.habits.show.views.HistoryCard { <init>(...); }

# Referenced at res\layout\show_habit_inner.xml:26
-keep class org.mula.finance.activities.habits.show.views.NotesCard { <init>(...); }

# Referenced at res\layout\show_habit_inner.xml:35
-keep class org.mula.finance.activities.habits.show.views.OverviewCard { <init>(...); }

# Referenced at res\layout\show_habit_preview.xml:11
# Referenced at res\layout\show_habit_inner.xml:40
-keep class org.mula.finance.activities.habits.show.views.ScoreCard { <init>(...); }

# Referenced at res\layout\show_habit_inner.xml:56
-keep class org.mula.finance.activities.habits.show.views.StreakCard { <init>(...); }

# Referenced at res\layout\show_habit_inner.xml:22
-keep class org.mula.finance.activities.habits.show.views.SubtitleCard { <init>(...); }

# Referenced at res\layout\settings_activity.xml:19
-keep class org.mula.finance.activities.settings.SettingsFragment { <init>(...); }

# Referenced at res\layout\activity_add_expense.xml:95
-keepclassmembers class * { *** addToDatabase(android.view.View); }

# Referenced at res\layout\activity_taxcalc.xml:162
-keepclassmembers class * { *** calculateTax(android.view.View); }

# Referenced at res\layout\activity_taxcalc.xml:196
-keepclassmembers class * { *** clearText(android.view.View); }

# Referenced at res\layout\activity_expense_tracker.xml:42
-keepclassmembers class * { *** launchAddExpenseActivity(android.view.View); }