mula-main/build/outputs/mapping/release/mapping.txt
# compiler: R8
# compiler_version: 1.5.69
# min_api: 21
# pg_map_id: d2889ea
org.mula.finance.Adapters.CalculatorAdapter -> org.mula.finance.Adapters.CalculatorAdapter:
    26:26:void <init>(java.util.ArrayList) -> <init>
    81:81:int getItemCount() -> getItemCount
    22:22:void onBindViewHolder(androidx.recyclerview.widget.RecyclerView$ViewHolder,int) -> onBindViewHolder
    60:66:void onBindViewHolder(org.mula.finance.Adapters.CalculatorAdapter$CalculatorViewHolder,int) -> onBindViewHolder
    22:22:androidx.recyclerview.widget.RecyclerView$ViewHolder onCreateViewHolder(android.view.ViewGroup,int) -> onCreateViewHolder
    49:50:org.mula.finance.Adapters.CalculatorAdapter$CalculatorViewHolder onCreateViewHolder(android.view.ViewGroup,int) -> onCreateViewHolder
org.mula.finance.Adapters.CalculatorAdapter$1 -> org.mula.finance.Adapters.CalculatorAdapter$1:
    66:66:void <init>(org.mula.finance.Adapters.CalculatorAdapter,org.mula.finance.Models.IntentLink) -> <init>
    69:75:void onClick(android.view.View) -> onClick
org.mula.finance.Adapters.CalculatorAdapter$CalculatorViewHolder -> org.mula.finance.Adapters.CalculatorAdapter$CalculatorViewHolder:
    38:41:void <init>(android.view.View) -> <init>
    29:29:android.view.View access$000(org.mula.finance.Adapters.CalculatorAdapter$CalculatorViewHolder) -> access$000
    29:29:android.widget.TextView access$100(org.mula.finance.Adapters.CalculatorAdapter$CalculatorViewHolder) -> access$100
org.mula.finance.Adapters.CategoryAdapter -> org.mula.finance.Adapters.CategoryAdapter:
    23:23:void <init>(java.util.List) -> <init>
    20:20:void onBindChildViewHolder(com.thoughtbot.expandablerecyclerview.viewholders.ChildViewHolder,int,com.thoughtbot.expandablerecyclerview.models.ExpandableGroup,int) -> onBindChildViewHolder
    41:53:void onBindChildViewHolder(org.mula.finance.Adapters.CategoryViewHolder,int,com.thoughtbot.expandablerecyclerview.models.ExpandableGroup,int) -> onBindChildViewHolder
    20:20:void onBindGroupViewHolder(com.thoughtbot.expandablerecyclerview.viewholders.GroupViewHolder,int,com.thoughtbot.expandablerecyclerview.models.ExpandableGroup) -> onBindGroupViewHolder
    59:60:void onBindGroupViewHolder(org.mula.finance.Adapters.IntentLinkViewHolder,int,com.thoughtbot.expandablerecyclerview.models.ExpandableGroup) -> onBindGroupViewHolder
    20:20:com.thoughtbot.expandablerecyclerview.viewholders.ChildViewHolder onCreateChildViewHolder(android.view.ViewGroup,int) -> onCreateChildViewHolder
    35:36:org.mula.finance.Adapters.CategoryViewHolder onCreateChildViewHolder(android.view.ViewGroup,int) -> onCreateChildViewHolder
    20:20:com.thoughtbot.expandablerecyclerview.viewholders.GroupViewHolder onCreateGroupViewHolder(android.view.ViewGroup,int) -> onCreateGroupViewHolder
    29:30:org.mula.finance.Adapters.IntentLinkViewHolder onCreateGroupViewHolder(android.view.ViewGroup,int) -> onCreateGroupViewHolder
org.mula.finance.Adapters.CategoryAdapter$1 -> org.mula.finance.Adapters.CategoryAdapter$1:
    44:44:void <init>(org.mula.finance.Adapters.CategoryAdapter,org.mula.finance.Models.Category) -> <init>
    47:50:void onClick(android.view.View) -> onClick
org.mula.finance.Adapters.CategoryViewHolder -> org.mula.finance.Adapters.CategoryViewHolder:
    18:20:void <init>(android.view.View) -> <init>
    24:24:void bind(org.mula.finance.Models.Category) -> bind
org.mula.finance.Adapters.IntentLinkViewHolder -> org.mula.finance.Adapters.IntentLinkViewHolder:
    20:23:void <init>(android.view.View) -> <init>
    27:32:void bind(org.mula.finance.Models.IntentLink) -> bind
org.mula.finance.Adapters.IntentLinkViewHolder$1 -> org.mula.finance.Adapters.IntentLinkViewHolder$1:
    32:32:void <init>(org.mula.finance.Adapters.IntentLinkViewHolder,org.mula.finance.Models.IntentLink) -> <init>
    35:37:void onClick(android.view.View) -> onClick
...
okhttp3.internal.cache.DiskLruCache$Snapshot -> okhttp3.internal.cache.DiskLruCache$Snapshot:
    787:791:void <init>(okhttp3.internal.cache.DiskLruCache,java.lang.String,long,okio.Source[],long[]) -> <init>
    781:781:java.lang.String access$000(okhttp3.internal.cache.DiskLruCache$Snapshot) -> access$000
    817:818:void close() -> close
    803:803:okhttp3.internal.cache.DiskLruCache$Editor edit() -> edit
    813:813:long getLength(int) -> getLength
    808:808:okio.Source getSource(int) -> getSource
    795:795:java.lang.String key() -> key
okhttp3.internal.cache.FaultHidingSink -> okhttp3.internal.cache.FaultHidingSink:
    28:28:void <init>(okio.Sink) -> <init>
    55:60:void close() -> close
    45:50:void flush() -> flush
    32:40:void write(okio.Buffer,long) -> write
okhttp3.internal.cache2.FileOperator -> okhttp3.internal.cache2.FileOperator:
    44:45:void <init>(java.nio.channels.FileChannel) -> <init>
    83:78:void read(long,okio.Buffer,long) -> read
    50:50:void write(long,okio.Buffer,long) -> write
okhttp3.internal.cache2.Relay -> okhttp3.internal.cache2.Relay:
    45:46:void <clinit>() -> <clinit>
    107:113:void <init>(java.io.RandomAccessFile,okio.Source,long,okio.ByteString,long) -> <init>
    186:196:void commit(long) -> commit
    126:131:okhttp3.internal.cache2.Relay edit(java.io.File,okio.Source,okio.ByteString,long) -> edit
    203:203:boolean isClosed() -> isClosed
    207:207:okio.ByteString metadata() -> metadata
    216:219:okio.Source newSource() -> newSource
    144:151:okhttp3.internal.cache2.Relay read(java.io.File) -> read
    166:170:void writeHeader(okio.ByteString,long,long) -> writeHeader
    177:181:void writeMetadata(long) -> writeMetadata
okhttp3.internal.cache2.Relay$RelaySource -> okhttp3.internal.cache2.Relay$RelaySource:
    224:228:void <init>(okhttp3.internal.cache2.Relay) -> <init>
    344:354:void close() -> close
    252:252:long read(okio.Buffer,long) -> read
    340:340:okio.Timeout timeout() -> timeout
okhttp3.internal.connection.ConnectInterceptor -> okhttp3.internal.connection.ConnectInterceptor:
    31:32:void <init>(okhttp3.OkHttpClient) -> <init>
    36:45:okhttp3.Response intercept(okhttp3.Interceptor$Chain) -> intercept
okhttp3.internal.connection.ConnectionSpecSelector -> okhttp3.internal.connection.ConnectionSpecSelector:
    44:46:void <init>(java.util.List) -> <init>
    57:73:okhttp3.ConnectionSpec configureSecureSocket(javax.net.ssl.SSLSocket) -> configureSecureSocket
    92:126:boolean connectionFailed(java.io.IOException) -> connectionFailed
    135:136:boolean isFallbackPossible(javax.net.ssl.SSLSocket) -> isFallbackPossible